<?xml version="1.0" encoding="utf-8" ?>
<!DOCTYPE html PUBLIC "-//W3C//DTD XHTML 1.0 Strict//EN"
        "http://www.w3.org/TR/xhtml1/DTD/xhtml1-strict.dtd">
<html xmlns="http://www.w3.org/1999/xhtml" xml:lang="" lang="">
<head>
  <title>Test Results Report - regression</title>
  <meta http-equiv="Content-Type" content="text/html;charset=utf-8" />
  <meta name="description" content="TestNG unit test results." />
  <link href="reportng.css" rel="stylesheet" type="text/css" />
    <script type="text/javascript" src="reportng.js"></script>
</head>
<body>
<h1>regression</h1>
<p>
  Test duration: 96.176s
</p>



  <table class="resultsTable">
    <tr><th colspan="3" class="header failed">Failed Tests</th></tr>
          <tr>
        <td colspan="3" class="group">com.orangehrmlive.demo.testsuite.LoginTest</td>
      </tr>
            
<tr>
  <td class="method">
                  verifyUserShouldLogOutSuccessFully
      </td>
  <td class="duration">
    22.848s
  </td>
  <td class="result">
        
    
            <div class="testOutput">
                        Click on UserName[[ChromeDriver: chrome on windows (85ab11b695aebd37b7cf7df6358ff670)] -&gt; xpath: //body/div[@id=&apos;app&apos;]/div[1]/div[1]/div[1]/div[1]/div[2]/div[2]/form[1]/div[1]/div[1]/div[2]/input[1]]<br />
                                Click on UserName[[ChromeDriver: chrome on windows (85ab11b695aebd37b7cf7df6358ff670)] -&gt; xpath: //body/div[@id=&apos;app&apos;]/div[1]/div[1]/div[1]/div[1]/div[2]/div[2]/form[1]/div[2]/div[1]/div[2]/input[1]]<br />
                                Click on Login[[ChromeDriver: chrome on windows (85ab11b695aebd37b7cf7df6358ff670)] -&gt; xpath: //body/div[@id=&apos;app&apos;]/div[1]/div[1]/div[1]/div[1]/div[2]/div[2]/form[1]/div[3]/button[1]]<br />
                                Click on User Profile logo[[ChromeDriver: chrome on windows (85ab11b695aebd37b7cf7df6358ff670)] -&gt; xpath: //i[@class=&apos;oxd-icon bi-caret-down-fill oxd-userdropdown-icon&apos;]]<br />
                                Click on Logout[[ChromeDriver: chrome on windows (85ab11b695aebd37b7cf7df6358ff670)] -&gt; xpath: //a[normalize-space()=&apos;Logout&apos;]]<br />
                  </div>
    

        <a href="javascript:toggleElement('exception-0', 'block')" title="Click to expand/collapse"><b>org.openqa.selenium.NoSuchElementException: no such element: Unable to locate element: {&quot;method&quot;:&quot;xpath&quot;,&quot;selector&quot;:&quot;//h5[normalize-space()=&apos;Login&apos;]&quot;}<br/>
&nbsp; (Session info: chrome=125.0.6422.142)<br/>
For documentation on this error, please visit: https://www.selenium.dev/documentation/webdriver/troubleshooting/errors#no-such-element-exception<br/>
Build info: version: &apos;4.21.0&apos;, revision: &apos;79ed462ef4&apos;<br/>
System info: os.name: &apos;Windows 11&apos;, os.arch: &apos;amd64&apos;, os.version: &apos;10.0&apos;, java.version: &apos;17.0.8&apos;<br/>
Driver info: org.openqa.selenium.chrome.ChromeDriver<br/>
Command: [85ab11b695aebd37b7cf7df6358ff670, findElement {value=//h5[normalize-space()=&apos;Login&apos;], using=xpath}]<br/>
Capabilities {acceptInsecureCerts: false, browserName: chrome, browserVersion: 125.0.6422.142, chrome: {chromedriverVersion: 125.0.6422.141 (4b1e8393712..., userDataDir: C:\Users\visha\AppData\Loca...}, fedcm:accounts: true, goog:chromeOptions: {debuggerAddress: localhost:64082}, networkConnectionEnabled: false, pageLoadStrategy: normal, platformName: windows, proxy: Proxy(), se:cdp: ws://localhost:64082/devtoo..., se:cdpVersion: 125.0.6422.142, setWindowRect: true, strictFileInteractability: false, timeouts: {implicit: 0, pageLoad: 300000, script: 30000}, unhandledPromptBehavior: dismiss and notify, webauthn:extension:credBlob: true, webauthn:extension:largeBlob: true, webauthn:extension:minPinLength: true, webauthn:extension:prf: true, webauthn:virtualAuthenticators: true}<br/>
Session ID: 85ab11b695aebd37b7cf7df6358ff670</b></a><br />
    <div class="stackTrace" id="exception-0">
              java.base/jdk.internal.reflect.NativeConstructorAccessorImpl.newInstance0(Native Method)<br />
              java.base/jdk.internal.reflect.NativeConstructorAccessorImpl.newInstance(NativeConstructorAccessorImpl.java:77)<br />
              java.base/jdk.internal.reflect.DelegatingConstructorAccessorImpl.newInstance(DelegatingConstructorAccessorImpl.java:45)<br />
              java.base/java.lang.reflect.Constructor.newInstanceWithCaller(Constructor.java:499)<br />
              java.base/java.lang.reflect.Constructor.newInstance(Constructor.java:480)<br />
              org.openqa.selenium.remote.ErrorCodec.decode(ErrorCodec.java:167)<br />
              org.openqa.selenium.remote.codec.w3c.W3CHttpResponseCodec.decode(W3CHttpResponseCodec.java:138)<br />
              org.openqa.selenium.remote.codec.w3c.W3CHttpResponseCodec.decode(W3CHttpResponseCodec.java:50)<br />
              org.openqa.selenium.remote.HttpCommandExecutor.execute(HttpCommandExecutor.java:190)<br />
              org.openqa.selenium.remote.service.DriverCommandExecutor.invokeExecute(DriverCommandExecutor.java:216)<br />
              org.openqa.selenium.remote.service.DriverCommandExecutor.execute(DriverCommandExecutor.java:174)<br />
              org.openqa.selenium.remote.RemoteWebDriver.execute(RemoteWebDriver.java:518)<br />
              org.openqa.selenium.remote.ElementLocation$ElementFinder$2.findElement(ElementLocation.java:165)<br />
              org.openqa.selenium.remote.ElementLocation.findElement(ElementLocation.java:59)<br />
              org.openqa.selenium.remote.RemoteWebDriver.findElement(RemoteWebDriver.java:355)<br />
              org.openqa.selenium.remote.RemoteWebDriver.findElement(RemoteWebDriver.java:349)<br />
              org.openqa.selenium.support.pagefactory.DefaultElementLocator.findElement(DefaultElementLocator.java:68)<br />
              org.openqa.selenium.support.pagefactory.internal.LocatingElementHandler.invoke(LocatingElementHandler.java:38)<br />
              jdk.proxy2/jdk.proxy2.$Proxy16.getText(Unknown Source)<br />
              com.orangehrmlive.demo.pages.LoginPage.verifyLoginPanel(LoginPage.java:94)<br />
              com.orangehrmlive.demo.testsuite.LoginTest.verifyUserShouldLogOutSuccessFully(LoginTest.java:71)<br />
              java.base/jdk.internal.reflect.NativeMethodAccessorImpl.invoke0(Native Method)<br />
              java.base/jdk.internal.reflect.NativeMethodAccessorImpl.invoke(NativeMethodAccessorImpl.java:77)<br />
              java.base/jdk.internal.reflect.DelegatingMethodAccessorImpl.invoke(DelegatingMethodAccessorImpl.java:43)<br />
              java.base/java.lang.reflect.Method.invoke(Method.java:568)<br />
              org.testng.internal.invokers.MethodInvocationHelper.invokeMethod(MethodInvocationHelper.java:141)<br />
              org.testng.internal.invokers.TestInvoker.invokeMethod(TestInvoker.java:686)<br />
              org.testng.internal.invokers.TestInvoker.invokeTestMethod(TestInvoker.java:230)<br />
              org.testng.internal.invokers.MethodRunner.runInSequence(MethodRunner.java:63)<br />
              org.testng.internal.invokers.TestInvoker$MethodInvocationAgent.invoke(TestInvoker.java:992)<br />
              org.testng.internal.invokers.TestInvoker.invokeTestMethods(TestInvoker.java:203)<br />
              org.testng.internal.invokers.TestMethodWorker.invokeTestMethods(TestMethodWorker.java:154)<br />
              org.testng.internal.invokers.TestMethodWorker.run(TestMethodWorker.java:134)<br />
              java.base/java.util.ArrayList.forEach(ArrayList.java:1511)<br />
              org.testng.TestRunner.privateRun(TestRunner.java:739)<br />
              org.testng.TestRunner.run(TestRunner.java:614)<br />
              org.testng.SuiteRunner.runTest(SuiteRunner.java:421)<br />
              org.testng.SuiteRunner.runSequentially(SuiteRunner.java:413)<br />
              org.testng.SuiteRunner.privateRun(SuiteRunner.java:373)<br />
              org.testng.SuiteRunner.run(SuiteRunner.java:312)<br />
              org.testng.SuiteRunnerWorker.runSuite(SuiteRunnerWorker.java:52)<br />
              org.testng.SuiteRunnerWorker.run(SuiteRunnerWorker.java:95)<br />
              org.testng.TestNG.runSuitesSequentially(TestNG.java:1274)<br />
              org.testng.TestNG.runSuitesLocally(TestNG.java:1208)<br />
              org.testng.TestNG.runSuites(TestNG.java:1112)<br />
              org.testng.TestNG.run(TestNG.java:1079)<br />
              com.intellij.rt.testng.IDEARemoteTestNG.run(IDEARemoteTestNG.java:65)<br />
              com.intellij.rt.testng.RemoteTestNGStarter.main(RemoteTestNGStarter.java:105)<br />
                </div>
      </td>
</tr>
          <tr>
        <td colspan="3" class="group">com.orangehrmlive.demo.testsuite.UsersTest</td>
      </tr>
            
<tr>
  <td class="method">
                  verifyThatAdminShouldDeleteTheUserSuccessFully
      </td>
  <td class="duration">
    27.864s
  </td>
  <td class="result">
        
    
            <div class="testOutput">
                        Click on UserName[[ChromeDriver: chrome on windows (07c6d4e84151350bb307d64c960e51a1)] -&gt; xpath: //body/div[@id=&apos;app&apos;]/div[1]/div[1]/div[1]/div[1]/div[2]/div[2]/form[1]/div[1]/div[1]/div[2]/input[1]]<br />
                                Click on UserName[[ChromeDriver: chrome on windows (07c6d4e84151350bb307d64c960e51a1)] -&gt; xpath: //body/div[@id=&apos;app&apos;]/div[1]/div[1]/div[1]/div[1]/div[2]/div[2]/form[1]/div[2]/div[1]/div[2]/input[1]]<br />
                                Click on Login[[ChromeDriver: chrome on windows (07c6d4e84151350bb307d64c960e51a1)] -&gt; xpath: //body/div[@id=&apos;app&apos;]/div[1]/div[1]/div[1]/div[1]/div[2]/div[2]/form[1]/div[3]/button[1]]<br />
                                Click on Admin[[ChromeDriver: chrome on windows (07c6d4e84151350bb307d64c960e51a1)] -&gt; xpath: //body/div[@id=&apos;app&apos;]/div[1]/div[1]/aside[1]/nav[1]/div[2]/ul[1]/li[1]/a[1]/span[1]]<br />
                                System User Text not verified[[ChromeDriver: chrome on windows (07c6d4e84151350bb307d64c960e51a1)] -&gt; xpath: //h5[normalize-space()=&apos;System Users&apos;]]<br />
                                enter system user name[[ChromeDriver: chrome on windows (07c6d4e84151350bb307d64c960e51a1)] -&gt; xpath: //div[@class=&apos;oxd-input-group oxd-input-field-bottom-space&apos;]//div//input[@class=&apos;oxd-input oxd-input--active&apos;]]<br />
                                select system user[[ChromeDriver: chrome on windows (07c6d4e84151350bb307d64c960e51a1)] -&gt; xpath: //body[1]/div[1]/div[1]/div[2]/div[2]/div[1]/div[1]/div[2]/form[1]/div[1]/div[1]/div[2]/div[1]/div[2]/div[1]/div[1]/div[2]/i[1]]<br />
                                select system Status[[ChromeDriver: chrome on windows (07c6d4e84151350bb307d64c960e51a1)] -&gt; xpath: //body[1]/div[1]/div[1]/div[2]/div[2]/div[1]/div[1]/div[2]/form[1]/div[1]/div[1]/div[4]/div[1]/div[2]/div[1]/div[1]/div[2]/i[1]]<br />
                                Click on search button[[ChromeDriver: chrome on windows (07c6d4e84151350bb307d64c960e51a1)] -&gt; xpath: //button[normalize-space()=&apos;Search&apos;]]<br />
                                Click on search button[[ChromeDriver: chrome on windows (07c6d4e84151350bb307d64c960e51a1)] -&gt; xpath: //button[normalize-space()=&apos;Search&apos;]]<br />
                                Click on checkbox button[[ChromeDriver: chrome on windows (07c6d4e84151350bb307d64c960e51a1)] -&gt; xpath: //div[@class=&apos;oxd-table-card-cell-checkbox&apos;]//i[@class=&apos;oxd-icon bi-check oxd-checkbox-input-icon&apos;]]<br />
                                Click on delete button[[ChromeDriver: chrome on windows (07c6d4e84151350bb307d64c960e51a1)] -&gt; xpath: //i[@class=&apos;oxd-icon bi-trash&apos;]]<br />
                  </div>
    

        <a href="javascript:toggleElement('exception-1', 'block')" title="Click to expand/collapse"><b>org.openqa.selenium.NoSuchElementException: no such element: Unable to locate element: {&quot;method&quot;:&quot;xpath&quot;,&quot;selector&quot;:&quot;//body/div[@id=&apos;app&apos;]/div[3]/div[1]/div[1]/div[1]/div[3]/button[2]&quot;}<br/>
&nbsp; (Session info: chrome=125.0.6422.142)<br/>
For documentation on this error, please visit: https://www.selenium.dev/documentation/webdriver/troubleshooting/errors#no-such-element-exception<br/>
Build info: version: &apos;4.21.0&apos;, revision: &apos;79ed462ef4&apos;<br/>
System info: os.name: &apos;Windows 11&apos;, os.arch: &apos;amd64&apos;, os.version: &apos;10.0&apos;, java.version: &apos;17.0.8&apos;<br/>
Driver info: org.openqa.selenium.chrome.ChromeDriver<br/>
Command: [07c6d4e84151350bb307d64c960e51a1, findElement {value=//body/div[@id=&apos;app&apos;]/div[3]/div[1]/div[1]/div[1]/div[3]/button[2], using=xpath}]<br/>
Capabilities {acceptInsecureCerts: false, browserName: chrome, browserVersion: 125.0.6422.142, chrome: {chromedriverVersion: 125.0.6422.141 (4b1e8393712..., userDataDir: C:\Users\visha\AppData\Loca...}, fedcm:accounts: true, goog:chromeOptions: {debuggerAddress: localhost:64198}, networkConnectionEnabled: false, pageLoadStrategy: normal, platformName: windows, proxy: Proxy(), se:cdp: ws://localhost:64198/devtoo..., se:cdpVersion: 125.0.6422.142, setWindowRect: true, strictFileInteractability: false, timeouts: {implicit: 0, pageLoad: 300000, script: 30000}, unhandledPromptBehavior: dismiss and notify, webauthn:extension:credBlob: true, webauthn:extension:largeBlob: true, webauthn:extension:minPinLength: true, webauthn:extension:prf: true, webauthn:virtualAuthenticators: true}<br/>
Session ID: 07c6d4e84151350bb307d64c960e51a1</b></a><br />
    <div class="stackTrace" id="exception-1">
              java.base/jdk.internal.reflect.NativeConstructorAccessorImpl.newInstance0(Native Method)<br />
              java.base/jdk.internal.reflect.NativeConstructorAccessorImpl.newInstance(NativeConstructorAccessorImpl.java:77)<br />
              java.base/jdk.internal.reflect.DelegatingConstructorAccessorImpl.newInstance(DelegatingConstructorAccessorImpl.java:45)<br />
              java.base/java.lang.reflect.Constructor.newInstanceWithCaller(Constructor.java:499)<br />
              java.base/java.lang.reflect.Constructor.newInstance(Constructor.java:480)<br />
              org.openqa.selenium.remote.ErrorCodec.decode(ErrorCodec.java:167)<br />
              org.openqa.selenium.remote.codec.w3c.W3CHttpResponseCodec.decode(W3CHttpResponseCodec.java:138)<br />
              org.openqa.selenium.remote.codec.w3c.W3CHttpResponseCodec.decode(W3CHttpResponseCodec.java:50)<br />
              org.openqa.selenium.remote.HttpCommandExecutor.execute(HttpCommandExecutor.java:190)<br />
              org.openqa.selenium.remote.service.DriverCommandExecutor.invokeExecute(DriverCommandExecutor.java:216)<br />
              org.openqa.selenium.remote.service.DriverCommandExecutor.execute(DriverCommandExecutor.java:174)<br />
              org.openqa.selenium.remote.RemoteWebDriver.execute(RemoteWebDriver.java:518)<br />
              org.openqa.selenium.remote.ElementLocation$ElementFinder$2.findElement(ElementLocation.java:165)<br />
              org.openqa.selenium.remote.ElementLocation.findElement(ElementLocation.java:59)<br />
              org.openqa.selenium.remote.RemoteWebDriver.findElement(RemoteWebDriver.java:355)<br />
              org.openqa.selenium.remote.RemoteWebDriver.findElement(RemoteWebDriver.java:349)<br />
              org.openqa.selenium.support.pagefactory.DefaultElementLocator.findElement(DefaultElementLocator.java:68)<br />
              org.openqa.selenium.support.pagefactory.internal.LocatingElementHandler.invoke(LocatingElementHandler.java:38)<br />
              jdk.proxy2/jdk.proxy2.$Proxy16.click(Unknown Source)<br />
              com.orangehrmlive.demo.utility.Utility.clickOnElement(Utility.java:54)<br />
              com.orangehrmlive.demo.pages.ViewSystemUsersPage.clickOnDeletePopUp(ViewSystemUsersPage.java:135)<br />
              com.orangehrmlive.demo.testsuite.UsersTest.verifyThatAdminShouldDeleteTheUserSuccessFully(UsersTest.java:125)<br />
              java.base/jdk.internal.reflect.NativeMethodAccessorImpl.invoke0(Native Method)<br />
              java.base/jdk.internal.reflect.NativeMethodAccessorImpl.invoke(NativeMethodAccessorImpl.java:77)<br />
              java.base/jdk.internal.reflect.DelegatingMethodAccessorImpl.invoke(DelegatingMethodAccessorImpl.java:43)<br />
              java.base/java.lang.reflect.Method.invoke(Method.java:568)<br />
              org.testng.internal.invokers.MethodInvocationHelper.invokeMethod(MethodInvocationHelper.java:141)<br />
              org.testng.internal.invokers.TestInvoker.invokeMethod(TestInvoker.java:686)<br />
              org.testng.internal.invokers.TestInvoker.invokeTestMethod(TestInvoker.java:230)<br />
              org.testng.internal.invokers.MethodRunner.runInSequence(MethodRunner.java:63)<br />
              org.testng.internal.invokers.TestInvoker$MethodInvocationAgent.invoke(TestInvoker.java:992)<br />
              org.testng.internal.invokers.TestInvoker.invokeTestMethods(TestInvoker.java:203)<br />
              org.testng.internal.invokers.TestMethodWorker.invokeTestMethods(TestMethodWorker.java:154)<br />
              org.testng.internal.invokers.TestMethodWorker.run(TestMethodWorker.java:134)<br />
              java.base/java.util.ArrayList.forEach(ArrayList.java:1511)<br />
              org.testng.TestRunner.privateRun(TestRunner.java:739)<br />
              org.testng.TestRunner.run(TestRunner.java:614)<br />
              org.testng.SuiteRunner.runTest(SuiteRunner.java:421)<br />
              org.testng.SuiteRunner.runSequentially(SuiteRunner.java:413)<br />
              org.testng.SuiteRunner.privateRun(SuiteRunner.java:373)<br />
              org.testng.SuiteRunner.run(SuiteRunner.java:312)<br />
              org.testng.SuiteRunnerWorker.runSuite(SuiteRunnerWorker.java:52)<br />
              org.testng.SuiteRunnerWorker.run(SuiteRunnerWorker.java:95)<br />
              org.testng.TestNG.runSuitesSequentially(TestNG.java:1274)<br />
              org.testng.TestNG.runSuitesLocally(TestNG.java:1208)<br />
              org.testng.TestNG.runSuites(TestNG.java:1112)<br />
              org.testng.TestNG.run(TestNG.java:1079)<br />
              com.intellij.rt.testng.IDEARemoteTestNG.run(IDEARemoteTestNG.java:65)<br />
              com.intellij.rt.testng.RemoteTestNGStarter.main(RemoteTestNGStarter.java:105)<br />
                </div>
      </td>
</tr>
      </table>


  <table class="resultsTable">
    <tr><th colspan="3" class="header passed">Passed Tests</th></tr>
          <tr>
        <td colspan="3" class="group">com.orangehrmlive.demo.testsuite.LoginTest</td>
      </tr>
            
<tr>
  <td class="method">
                  verifyErrorMessageWithInvalidCredentials
      </td>
  <td class="duration">
    0.011s
  </td>
  <td class="result">
        
    
        

      </td>
</tr>
<tr>
  <td class="method">
                  verifyThatTheLogoDisplayOnHomePage
      </td>
  <td class="duration">
    2.775s
  </td>
  <td class="result">
        
    
            <div class="testOutput">
                        Click on UserName[[ChromeDriver: chrome on windows (8b9d10b4696e35c87af720f2cec4b874)] -&gt; xpath: //body/div[@id=&apos;app&apos;]/div[1]/div[1]/div[1]/div[1]/div[2]/div[2]/form[1]/div[1]/div[1]/div[2]/input[1]]<br />
                                Click on UserName[[ChromeDriver: chrome on windows (8b9d10b4696e35c87af720f2cec4b874)] -&gt; xpath: //body/div[@id=&apos;app&apos;]/div[1]/div[1]/div[1]/div[1]/div[2]/div[2]/form[1]/div[2]/div[1]/div[2]/input[1]]<br />
                                Click on Login[[ChromeDriver: chrome on windows (8b9d10b4696e35c87af720f2cec4b874)] -&gt; xpath: //body/div[@id=&apos;app&apos;]/div[1]/div[1]/div[1]/div[1]/div[2]/div[2]/form[1]/div[3]/button[1]]<br />
                  </div>
    

      </td>
</tr>
<tr>
  <td class="method">
                  verifyUserShouldLoginSuccessFully
      </td>
  <td class="duration">
    1.698s
  </td>
  <td class="result">
        
    
            <div class="testOutput">
                        Click on UserName[[ChromeDriver: chrome on windows (c72dbdb9a92eb7ee48caf62a1041a0f6)] -&gt; xpath: //body/div[@id=&apos;app&apos;]/div[1]/div[1]/div[1]/div[1]/div[2]/div[2]/form[1]/div[1]/div[1]/div[2]/input[1]]<br />
                                Click on UserName[[ChromeDriver: chrome on windows (c72dbdb9a92eb7ee48caf62a1041a0f6)] -&gt; xpath: //body/div[@id=&apos;app&apos;]/div[1]/div[1]/div[1]/div[1]/div[2]/div[2]/form[1]/div[2]/div[1]/div[2]/input[1]]<br />
                                Click on Login[[ChromeDriver: chrome on windows (c72dbdb9a92eb7ee48caf62a1041a0f6)] -&gt; xpath: //body/div[@id=&apos;app&apos;]/div[1]/div[1]/div[1]/div[1]/div[2]/div[2]/form[1]/div[3]/button[1]]<br />
                  </div>
    

      </td>
</tr>
          <tr>
        <td colspan="3" class="group">com.orangehrmlive.demo.testsuite.UsersTest</td>
      </tr>
            
<tr>
  <td class="method">
                  adminShouldAddUserSuccessFully
      </td>
  <td class="duration">
    4.755s
  </td>
  <td class="result">
        
    
            <div class="testOutput">
                        Click on UserName[[ChromeDriver: chrome on windows (25009b7e60adf93c6998ef7a908e3f2a)] -&gt; xpath: //body/div[@id=&apos;app&apos;]/div[1]/div[1]/div[1]/div[1]/div[2]/div[2]/form[1]/div[1]/div[1]/div[2]/input[1]]<br />
                                Click on UserName[[ChromeDriver: chrome on windows (25009b7e60adf93c6998ef7a908e3f2a)] -&gt; xpath: //body/div[@id=&apos;app&apos;]/div[1]/div[1]/div[1]/div[1]/div[2]/div[2]/form[1]/div[2]/div[1]/div[2]/input[1]]<br />
                                Click on Login[[ChromeDriver: chrome on windows (25009b7e60adf93c6998ef7a908e3f2a)] -&gt; xpath: //body/div[@id=&apos;app&apos;]/div[1]/div[1]/div[1]/div[1]/div[2]/div[2]/form[1]/div[3]/button[1]]<br />
                                Click on Admin[[ChromeDriver: chrome on windows (25009b7e60adf93c6998ef7a908e3f2a)] -&gt; xpath: //body/div[@id=&apos;app&apos;]/div[1]/div[1]/aside[1]/nav[1]/div[2]/ul[1]/li[1]/a[1]/span[1]]<br />
                                System User Text not verified[[ChromeDriver: chrome on windows (25009b7e60adf93c6998ef7a908e3f2a)] -&gt; xpath: //h5[normalize-space()=&apos;System Users&apos;]]<br />
                                Click on addUser [[ChromeDriver: chrome on windows (25009b7e60adf93c6998ef7a908e3f2a)] -&gt; xpath: //body/div[@id=&apos;app&apos;]/div[1]/div[2]/div[2]/div[1]/div[2]/div[1]/button[1]]<br />
                                Add User Text not verified[[ChromeDriver: chrome on windows (25009b7e60adf93c6998ef7a908e3f2a)] -&gt; xpath: //h6[normalize-space()=&apos;Add User&apos;]]<br />
                                Click on userRole [[ChromeDriver: chrome on windows (25009b7e60adf93c6998ef7a908e3f2a)] -&gt; xpath: //body[1]/div[1]/div[1]/div[2]/div[2]/div[1]/div[1]/form[1]/div[1]/div[1]/div[1]/div[1]/div[2]/div[1]/div[1]/div[2]/i[1]]<br />
                                enter employee name [[ChromeDriver: chrome on windows (25009b7e60adf93c6998ef7a908e3f2a)] -&gt; xpath: //body/div[@id=&apos;app&apos;]/div[1]/div[2]/div[2]/div[1]/div[1]/form[1]/div[1]/div[1]/div[2]/div[1]/div[2]/div[1]/div[1]/input[1]]<br />
                                enter user name [[ChromeDriver: chrome on windows (25009b7e60adf93c6998ef7a908e3f2a)] -&gt; xpath: //body/div[@id=&apos;app&apos;]/div[1]/div[2]/div[2]/div[1]/div[1]/form[1]/div[1]/div[1]/div[4]/div[1]/div[2]/input[1]]<br />
                                click on status [[ChromeDriver: chrome on windows (25009b7e60adf93c6998ef7a908e3f2a)] -&gt; xpath: //body/div[@id=&apos;app&apos;]/div[1]/div[2]/div[2]/div[1]/div[1]/form[1]/div[1]/div[1]/div[3]/div[1]/div[2]/div[1]/div[1]/div[2]/i[1]]<br />
                                enter password [[ChromeDriver: chrome on windows (25009b7e60adf93c6998ef7a908e3f2a)] -&gt; xpath: //body/div[@id=&apos;app&apos;]/div[1]/div[2]/div[2]/div[1]/div[1]/form[1]/div[2]/div[1]/div[1]/div[1]/div[2]/input[1]]<br />
                                enter password [[ChromeDriver: chrome on windows (25009b7e60adf93c6998ef7a908e3f2a)] -&gt; xpath: //body/div[@id=&apos;app&apos;]/div[1]/div[2]/div[2]/div[1]/div[1]/form[1]/div[2]/div[1]/div[2]/div[1]/div[2]/input[1]]<br />
                                click on save[[ChromeDriver: chrome on windows (25009b7e60adf93c6998ef7a908e3f2a)] -&gt; xpath: //body/div[@id=&apos;app&apos;]/div[1]/div[2]/div[2]/div[1]/div[1]/form[1]/div[3]/button[2]]<br />
                  </div>
    

      </td>
</tr>
<tr>
  <td class="method">
                  searchTheUserAndVerifyTheMessageRecordFound
      </td>
  <td class="duration">
    3.303s
  </td>
  <td class="result">
        
    
            <div class="testOutput">
                        Click on UserName[[ChromeDriver: chrome on windows (da60af889c77a13c495375dceffe8a32)] -&gt; xpath: //body/div[@id=&apos;app&apos;]/div[1]/div[1]/div[1]/div[1]/div[2]/div[2]/form[1]/div[1]/div[1]/div[2]/input[1]]<br />
                                Click on UserName[[ChromeDriver: chrome on windows (da60af889c77a13c495375dceffe8a32)] -&gt; xpath: //body/div[@id=&apos;app&apos;]/div[1]/div[1]/div[1]/div[1]/div[2]/div[2]/form[1]/div[2]/div[1]/div[2]/input[1]]<br />
                                Click on Login[[ChromeDriver: chrome on windows (da60af889c77a13c495375dceffe8a32)] -&gt; xpath: //body/div[@id=&apos;app&apos;]/div[1]/div[1]/div[1]/div[1]/div[2]/div[2]/form[1]/div[3]/button[1]]<br />
                                Click on Admin[[ChromeDriver: chrome on windows (da60af889c77a13c495375dceffe8a32)] -&gt; xpath: //body/div[@id=&apos;app&apos;]/div[1]/div[1]/aside[1]/nav[1]/div[2]/ul[1]/li[1]/a[1]/span[1]]<br />
                                System User Text not verified[[ChromeDriver: chrome on windows (da60af889c77a13c495375dceffe8a32)] -&gt; xpath: //h5[normalize-space()=&apos;System Users&apos;]]<br />
                  </div>
    

      </td>
</tr>
<tr>
  <td class="method">
                  searchTheUserCreatedAndVerifyIt
      </td>
  <td class="duration">
    5.617s
  </td>
  <td class="result">
        
    
            <div class="testOutput">
                        Click on UserName[[ChromeDriver: chrome on windows (205e03addea6fbf78af6fd6e5b7cd187)] -&gt; xpath: //body/div[@id=&apos;app&apos;]/div[1]/div[1]/div[1]/div[1]/div[2]/div[2]/form[1]/div[1]/div[1]/div[2]/input[1]]<br />
                                Click on UserName[[ChromeDriver: chrome on windows (205e03addea6fbf78af6fd6e5b7cd187)] -&gt; xpath: //body/div[@id=&apos;app&apos;]/div[1]/div[1]/div[1]/div[1]/div[2]/div[2]/form[1]/div[2]/div[1]/div[2]/input[1]]<br />
                                Click on Login[[ChromeDriver: chrome on windows (205e03addea6fbf78af6fd6e5b7cd187)] -&gt; xpath: //body/div[@id=&apos;app&apos;]/div[1]/div[1]/div[1]/div[1]/div[2]/div[2]/form[1]/div[3]/button[1]]<br />
                                Click on Admin[[ChromeDriver: chrome on windows (205e03addea6fbf78af6fd6e5b7cd187)] -&gt; xpath: //body/div[@id=&apos;app&apos;]/div[1]/div[1]/aside[1]/nav[1]/div[2]/ul[1]/li[1]/a[1]/span[1]]<br />
                                System User Text not verified[[ChromeDriver: chrome on windows (205e03addea6fbf78af6fd6e5b7cd187)] -&gt; xpath: //h5[normalize-space()=&apos;System Users&apos;]]<br />
                                enter system user name[[ChromeDriver: chrome on windows (205e03addea6fbf78af6fd6e5b7cd187)] -&gt; xpath: //div[@class=&apos;oxd-input-group oxd-input-field-bottom-space&apos;]//div//input[@class=&apos;oxd-input oxd-input--active&apos;]]<br />
                                select system user[[ChromeDriver: chrome on windows (205e03addea6fbf78af6fd6e5b7cd187)] -&gt; xpath: //body[1]/div[1]/div[1]/div[2]/div[2]/div[1]/div[1]/div[2]/form[1]/div[1]/div[1]/div[2]/div[1]/div[2]/div[1]/div[1]/div[2]/i[1]]<br />
                                select system Status[[ChromeDriver: chrome on windows (205e03addea6fbf78af6fd6e5b7cd187)] -&gt; xpath: //body[1]/div[1]/div[1]/div[2]/div[2]/div[1]/div[1]/div[2]/form[1]/div[1]/div[1]/div[4]/div[1]/div[2]/div[1]/div[1]/div[2]/i[1]]<br />
                                Click on search button[[ChromeDriver: chrome on windows (205e03addea6fbf78af6fd6e5b7cd187)] -&gt; xpath: //button[normalize-space()=&apos;Search&apos;]]<br />
                                Click on search button[[ChromeDriver: chrome on windows (205e03addea6fbf78af6fd6e5b7cd187)] -&gt; xpath: //button[normalize-space()=&apos;Search&apos;]]<br />
                  </div>
    

      </td>
</tr>
      </table>
  
</body>
</html>
